Arguments: 
  C:\Users\AjayGomez\AppData\Local\nvs\node\14.15.4\x64\node.exe C:\Program Files (x86)\Yarn\bin\yarn.js install --production --no-optional

PATH: 
  C:\Users\AjayGomez\NodeProjects\fooddesert\back-end\node_modules\.bin;C:\Users\AjayGomez\NodeProjects\fooddesert\node_modules\.bin;C:\Users\AjayGomez\NodeProjects\node_modules\.bin;C:\Users\AjayGomez\node_modules\.bin;C:\Users\node_modules\.bin;C:\node_modules\.bin;C:\Users\AjayGomez\AppData\Local\nvs\node\14.15.4\x64;C:\Users\AjayGomez\NodeProjects\fooddesert\node_modules\.bin;C:\Users\AjayGomez\NodeProjects\node_modules\.bin;C:\Users\AjayGomez\node_modules\.bin;C:\Users\node_modules\.bin;C:\node_modules\.bin;C:\Users\AjayGomez\AppData\Local\nvs\node\14.15.4\x64\node_modules\npm\node_modules\@npmcli\run-script\lib\node-gyp-bin;C:\Users\AjayGomez\AppData\Local\nvs\node\14.15.4\x64;C:\Program Files (x86)\Common Files\Oracle\Java\javapath;C:\WINDOWS\system32;C:\WINDOWS;C:\WINDOWS\System32\Wbem;C:\WINDOWS\System32\WindowsPowerShell\v1.0\;C:\WINDOWS\System32\OpenSSH\;C:\Program Files\PuTTY\;C:\Program Files\Git\cmd;;C:\Program Files (x86)\Yarn\bin\;C:\Program Files\Docker\Docker\resources\bin;C:\ProgramData\DockerDesktop\version-bin;C:\Program Files (x86)\Microsoft SQL Server\150\DTS\Binn\;C:\Program Files\Azure Data Studio\bin;C:\Users\AjayGomez\AppData\Local\Microsoft\WindowsApps;C:\Program Files (x86)\Sophos\Sophos SSL VPN Client\bin;C:\Users\AjayGomez\AppData\Local\Programs\Microsoft VS Code\bin;C:\Users\AjayGomez\AppData\Local\Yarn\bin;C:\Users\AjayGomez\AppData\Local\nvs\;;C:\Program Files\Azure Data Studio\bin;C:\Users\AjayGomez\AppData\Local\npm-cache\_npx\f5b733dbc92df62b\node_modules\.bin

Yarn version: 
  1.22.4

Node version: 
  14.15.4

Platform: 
  win32 x64

Trace: 
  Error: https://registry.yarnpkg.com/date-fns/-/date-fns-2.23.0.tgz: ESOCKETTIMEDOUT
      at ClientRequest.<anonymous> (C:\Program Files (x86)\Yarn\lib\cli.js:141375:19)
      at Object.onceWrapper (events.js:421:28)
      at ClientRequest.emit (events.js:315:20)
      at TLSSocket.emitRequestTimeout (_http_client.js:784:9)
      at Object.onceWrapper (events.js:421:28)
      at TLSSocket.emit (events.js:327:22)
      at TLSSocket.Socket._onTimeout (net.js:483:8)
      at listOnTimeout (internal/timers.js:554:17)
      at processTimers (internal/timers.js:497:7)

npm manifest: 
  {
    "name": "back-end",
    "private": true,
    "version": "0.1.0",
    "description": "A Strapi application",
    "scripts": {
      "develop": "strapi develop",
      "start": "strapi start",
      "build": "strapi build",
      "strapi": "strapi"
    },
    "devDependencies": {},
    "dependencies": {
      "strapi": "3.6.8",
      "strapi-admin": "3.6.8",
      "strapi-utils": "3.6.8",
      "strapi-plugin-content-type-builder": "3.6.8",
      "strapi-plugin-content-manager": "3.6.8",
      "strapi-plugin-users-permissions": "3.6.8",
      "strapi-plugin-email": "3.6.8",
      "strapi-plugin-upload": "3.6.8",
      "strapi-plugin-i18n": "3.6.8",
      "strapi-connector-bookshelf": "3.6.8",
      "knex": "0.21.18",
      "sqlite3": "5.0.0",
      "strapi-plugin-graphql": "3.6.8"
    },
    "author": {
      "name": "A Strapi developer"
    },
    "strapi": {
      "uuid": "8f205f1a-eb57-4a57-9763-22ffa9c33388",
      "template": "https://github.com/strapi/strapi-template-corporate"
    },
    "engines": {
      "node": ">=10.16.0 <=14.x.x",
      "npm": "^6.0.0"
    },
    "license": "MIT"
  }

yarn manifest: 
  No manifest

Lockfile: 
  No lockfile
